{"E:\\project\\back-end\\expert-exercise-dicoding\\submit\\auth-api\\src\\Applications\\security\\PasswordHash.js": {"path":"E:\\project\\back-end\\expert-exercise-dicoding\\submit\\auth-api\\src\\Applications\\security\\PasswordHash.js","statementMap":{"0":{"start":{"line":7,"column":4},"end":{"line":7,"column":60}},"1":{"start":{"line":11,"column":0},"end":{"line":11,"column":30}}},"fnMap":{"0":{"name":"(anonymous_0)","decl":{"start":{"line":6,"column":2},"end":{"line":6,"column":3}},"loc":{"start":{"line":6,"column":23},"end":{"line":8,"column":3}},"line":6}},"branchMap":{},"s":{"0":1,"1":4},"f":{"0":1},"b":{},"_coverageSchema":"1a1c01bbd47fc00a2c39e90264f33305004495a9","hash":"fa9813ff7214fb3d14f8c53bd40cfcb5dbce8800"}
,"E:\\project\\back-end\\expert-exercise-dicoding\\submit\\auth-api\\src\\Applications\\use_case\\AddUserUseCase.js": {"path":"E:\\project\\back-end\\expert-exercise-dicoding\\submit\\auth-api\\src\\Applications\\use_case\\AddUserUseCase.js","statementMap":{"0":{"start":{"line":3,"column":21},"end":{"line":3,"column":73}},"1":{"start":{"line":7,"column":4},"end":{"line":7,"column":42}},"2":{"start":{"line":8,"column":4},"end":{"line":8,"column":38}},"3":{"start":{"line":12,"column":25},"end":{"line":12,"column":57}},"4":{"start":{"line":13,"column":4},"end":{"line":13,"column":78}},"5":{"start":{"line":14,"column":4},"end":{"line":14,"column":81}},"6":{"start":{"line":15,"column":4},"end":{"line":15,"column":54}},"7":{"start":{"line":19,"column":0},"end":{"line":19,"column":32}}},"fnMap":{"0":{"name":"(anonymous_0)","decl":{"start":{"line":6,"column":2},"end":{"line":6,"column":3}},"loc":{"start":{"line":6,"column":48},"end":{"line":9,"column":3}},"line":6},"1":{"name":"(anonymous_1)","decl":{"start":{"line":11,"column":2},"end":{"line":11,"column":3}},"loc":{"start":{"line":11,"column":32},"end":{"line":16,"column":3}},"line":11}},"branchMap":{},"s":{"0":2,"1":2,"2":2,"3":7,"4":3,"5":2,"6":2,"7":2},"f":{"0":2,"1":7},"b":{},"_coverageSchema":"1a1c01bbd47fc00a2c39e90264f33305004495a9","hash":"7b8baba1eff6a7e7a3c19ae59b29cdce4e09a710"}
,"E:\\project\\back-end\\expert-exercise-dicoding\\submit\\auth-api\\src\\Commons\\exceptions\\AuthenticationError.js": {"path":"E:\\project\\back-end\\expert-exercise-dicoding\\submit\\auth-api\\src\\Commons\\exceptions\\AuthenticationError.js","statementMap":{"0":{"start":{"line":3,"column":20},"end":{"line":3,"column":44}},"1":{"start":{"line":7,"column":4},"end":{"line":7,"column":24}},"2":{"start":{"line":8,"column":4},"end":{"line":8,"column":38}},"3":{"start":{"line":12,"column":0},"end":{"line":12,"column":37}}},"fnMap":{"0":{"name":"(anonymous_0)","decl":{"start":{"line":6,"column":2},"end":{"line":6,"column":3}},"loc":{"start":{"line":6,"column":23},"end":{"line":9,"column":3}},"line":6}},"branchMap":{},"s":{"0":1,"1":1,"2":1,"3":1},"f":{"0":1},"b":{},"_coverageSchema":"1a1c01bbd47fc00a2c39e90264f33305004495a9","hash":"29f6555ad75140e8af79a6ab61054c517b40caff"}
,"E:\\project\\back-end\\expert-exercise-dicoding\\submit\\auth-api\\src\\Commons\\exceptions\\ClientError.js": {"path":"E:\\project\\back-end\\expert-exercise-dicoding\\submit\\auth-api\\src\\Commons\\exceptions\\ClientError.js","statementMap":{"0":{"start":{"line":4,"column":4},"end":{"line":4,"column":19}},"1":{"start":{"line":6,"column":4},"end":{"line":8,"column":5}},"2":{"start":{"line":7,"column":6},"end":{"line":7,"column":59}},"3":{"start":{"line":10,"column":4},"end":{"line":10,"column":33}},"4":{"start":{"line":11,"column":4},"end":{"line":11,"column":30}},"5":{"start":{"line":15,"column":0},"end":{"line":15,"column":29}}},"fnMap":{"0":{"name":"(anonymous_0)","decl":{"start":{"line":3,"column":2},"end":{"line":3,"column":3}},"loc":{"start":{"line":3,"column":41},"end":{"line":12,"column":3}},"line":3}},"branchMap":{"0":{"loc":{"start":{"line":3,"column":23},"end":{"line":3,"column":39}},"type":"default-arg","locations":[{"start":{"line":3,"column":36},"end":{"line":3,"column":39}}],"line":3},"1":{"loc":{"start":{"line":6,"column":4},"end":{"line":8,"column":5}},"type":"if","locations":[{"start":{"line":6,"column":4},"end":{"line":8,"column":5}},{"start":{},"end":{}}],"line":6}},"s":{"0":18,"1":18,"2":1,"3":17,"4":17,"5":7},"f":{"0":18},"b":{"0":[16],"1":[1,17]},"_coverageSchema":"1a1c01bbd47fc00a2c39e90264f33305004495a9","hash":"03f25ad27c8934f56102f15f7601ab1d466efd78"}
,"E:\\project\\back-end\\expert-exercise-dicoding\\submit\\auth-api\\src\\Commons\\exceptions\\DomainErrorTranslator.js": {"path":"E:\\project\\back-end\\expert-exercise-dicoding\\submit\\auth-api\\src\\Commons\\exceptions\\DomainErrorTranslator.js","statementMap":{"0":{"start":{"line":3,"column":23},"end":{"line":3,"column":50}},"1":{"start":{"line":5,"column":30},"end":{"line":9,"column":1}},"2":{"start":{"line":7,"column":4},"end":{"line":7,"column":70}},"3":{"start":{"line":11,"column":0},"end":{"line":16,"column":2}},"4":{"start":{"line":18,"column":0},"end":{"line":18,"column":39}}},"fnMap":{"0":{"name":"(anonymous_0)","decl":{"start":{"line":6,"column":2},"end":{"line":6,"column":3}},"loc":{"start":{"line":6,"column":19},"end":{"line":8,"column":3}},"line":6}},"branchMap":{"0":{"loc":{"start":{"line":7,"column":11},"end":{"line":7,"column":69}},"type":"binary-expr","locations":[{"start":{"line":7,"column":11},"end":{"line":7,"column":60}},{"start":{"line":7,"column":64},"end":{"line":7,"column":69}}],"line":7}},"s":{"0":2,"1":2,"2":12,"3":2,"4":2},"f":{"0":12},"b":{"0":[12,4]},"_coverageSchema":"1a1c01bbd47fc00a2c39e90264f33305004495a9","hash":"bd9f8ed877e401667702a3c655382739233c4dd2"}
,"E:\\project\\back-end\\expert-exercise-dicoding\\submit\\auth-api\\src\\Commons\\exceptions\\InvariantError.js": {"path":"E:\\project\\back-end\\expert-exercise-dicoding\\submit\\auth-api\\src\\Commons\\exceptions\\InvariantError.js","statementMap":{"0":{"start":{"line":2,"column":20},"end":{"line":2,"column":44}},"1":{"start":{"line":6,"column":4},"end":{"line":6,"column":19}},"2":{"start":{"line":7,"column":4},"end":{"line":7,"column":33}},"3":{"start":{"line":11,"column":0},"end":{"line":11,"column":32}}},"fnMap":{"0":{"name":"(anonymous_0)","decl":{"start":{"line":5,"column":2},"end":{"line":5,"column":3}},"loc":{"start":{"line":5,"column":23},"end":{"line":8,"column":3}},"line":5}},"branchMap":{},"s":{"0":4,"1":15,"2":15,"3":4},"f":{"0":15},"b":{},"_coverageSchema":"1a1c01bbd47fc00a2c39e90264f33305004495a9","hash":"df1bf2e5afc957eea667a0f9b28d98d0dd461703"}
,"E:\\project\\back-end\\expert-exercise-dicoding\\submit\\auth-api\\src\\Commons\\exceptions\\NotFoundError.js": {"path":"E:\\project\\back-end\\expert-exercise-dicoding\\submit\\auth-api\\src\\Commons\\exceptions\\NotFoundError.js","statementMap":{"0":{"start":{"line":3,"column":20},"end":{"line":3,"column":44}},"1":{"start":{"line":7,"column":4},"end":{"line":7,"column":24}},"2":{"start":{"line":8,"column":4},"end":{"line":8,"column":32}},"3":{"start":{"line":12,"column":0},"end":{"line":12,"column":31}}},"fnMap":{"0":{"name":"(anonymous_0)","decl":{"start":{"line":6,"column":2},"end":{"line":6,"column":3}},"loc":{"start":{"line":6,"column":23},"end":{"line":9,"column":3}},"line":6}},"branchMap":{},"s":{"0":1,"1":1,"2":1,"3":1},"f":{"0":1},"b":{},"_coverageSchema":"1a1c01bbd47fc00a2c39e90264f33305004495a9","hash":"8fc4ab50861108a592e7411a376aa39a0a371d85"}
,"E:\\project\\back-end\\expert-exercise-dicoding\\submit\\auth-api\\src\\Domains\\users\\UserRepository.js": {"path":"E:\\project\\back-end\\expert-exercise-dicoding\\submit\\auth-api\\src\\Domains\\users\\UserRepository.js","statementMap":{"0":{"start":{"line":6,"column":4},"end":{"line":6,"column":62}},"1":{"start":{"line":10,"column":4},"end":{"line":10,"column":62}},"2":{"start":{"line":14,"column":0},"end":{"line":14,"column":32}}},"fnMap":{"0":{"name":"(anonymous_0)","decl":{"start":{"line":5,"column":2},"end":{"line":5,"column":3}},"loc":{"start":{"line":5,"column":30},"end":{"line":7,"column":3}},"line":5},"1":{"name":"(anonymous_1)","decl":{"start":{"line":9,"column":2},"end":{"line":9,"column":3}},"loc":{"start":{"line":9,"column":42},"end":{"line":11,"column":3}},"line":9}},"branchMap":{},"s":{"0":1,"1":1,"2":4},"f":{"0":1,"1":1},"b":{},"_coverageSchema":"1a1c01bbd47fc00a2c39e90264f33305004495a9","hash":"4d734f0f10f7f429d99bc1c5cd77c89ba3aea1f7"}
,"E:\\project\\back-end\\expert-exercise-dicoding\\submit\\auth-api\\src\\Domains\\users\\entities\\RegisterUser.js": {"path":"E:\\project\\back-end\\expert-exercise-dicoding\\submit\\auth-api\\src\\Domains\\users\\entities\\RegisterUser.js","statementMap":{"0":{"start":{"line":5,"column":4},"end":{"line":5,"column":33}},"1":{"start":{"line":7,"column":45},"end":{"line":7,"column":52}},"2":{"start":{"line":9,"column":4},"end":{"line":9,"column":29}},"3":{"start":{"line":10,"column":4},"end":{"line":10,"column":29}},"4":{"start":{"line":11,"column":4},"end":{"line":11,"column":29}},"5":{"start":{"line":16,"column":4},"end":{"line":18,"column":5}},"6":{"start":{"line":17,"column":6},"end":{"line":17,"column":67}},"7":{"start":{"line":20,"column":4},"end":{"line":22,"column":5}},"8":{"start":{"line":21,"column":6},"end":{"line":21,"column":72}},"9":{"start":{"line":24,"column":4},"end":{"line":26,"column":5}},"10":{"start":{"line":25,"column":6},"end":{"line":25,"column":59}},"11":{"start":{"line":28,"column":4},"end":{"line":30,"column":5}},"12":{"start":{"line":29,"column":6},"end":{"line":29,"column":77}},"13":{"start":{"line":34,"column":0},"end":{"line":34,"column":30}}},"fnMap":{"0":{"name":"(anonymous_0)","decl":{"start":{"line":4,"column":2},"end":{"line":4,"column":3}},"loc":{"start":{"line":4,"column":23},"end":{"line":12,"column":3}},"line":4},"1":{"name":"(anonymous_1)","decl":{"start":{"line":15,"column":2},"end":{"line":15,"column":3}},"loc":{"start":{"line":15,"column":51},"end":{"line":31,"column":3}},"line":15}},"branchMap":{"0":{"loc":{"start":{"line":16,"column":4},"end":{"line":18,"column":5}},"type":"if","locations":[{"start":{"line":16,"column":4},"end":{"line":18,"column":5}},{"start":{},"end":{}}],"line":16},"1":{"loc":{"start":{"line":16,"column":8},"end":{"line":16,"column":43}},"type":"binary-expr","locations":[{"start":{"line":16,"column":8},"end":{"line":16,"column":17}},{"start":{"line":16,"column":21},"end":{"line":16,"column":30}},{"start":{"line":16,"column":34},"end":{"line":16,"column":43}}],"line":16},"2":{"loc":{"start":{"line":20,"column":4},"end":{"line":22,"column":5}},"type":"if","locations":[{"start":{"line":20,"column":4},"end":{"line":22,"column":5}},{"start":{},"end":{}}],"line":20},"3":{"loc":{"start":{"line":20,"column":8},"end":{"line":20,"column":100}},"type":"binary-expr","locations":[{"start":{"line":20,"column":8},"end":{"line":20,"column":36}},{"start":{"line":20,"column":40},"end":{"line":20,"column":68}},{"start":{"line":20,"column":72},"end":{"line":20,"column":100}}],"line":20},"4":{"loc":{"start":{"line":24,"column":4},"end":{"line":26,"column":5}},"type":"if","locations":[{"start":{"line":24,"column":4},"end":{"line":26,"column":5}},{"start":{},"end":{}}],"line":24},"5":{"loc":{"start":{"line":28,"column":4},"end":{"line":30,"column":5}},"type":"if","locations":[{"start":{"line":28,"column":4},"end":{"line":30,"column":5}},{"start":{},"end":{}}],"line":28}},"s":{"0":15,"1":7,"2":7,"3":7,"4":7,"5":15,"6":2,"7":13,"8":2,"9":11,"10":2,"11":9,"12":2,"13":4},"f":{"0":15,"1":15},"b":{"0":[2,13],"1":[15,14,14],"2":[2,11],"3":[13,12,12],"4":[2,9],"5":[2,7]},"_coverageSchema":"1a1c01bbd47fc00a2c39e90264f33305004495a9","hash":"df55465691036e5fd0297b8772982c85d6233539"}
,"E:\\project\\back-end\\expert-exercise-dicoding\\submit\\auth-api\\src\\Domains\\users\\entities\\RegisteredUser.js": {"path":"E:\\project\\back-end\\expert-exercise-dicoding\\submit\\auth-api\\src\\Domains\\users\\entities\\RegisteredUser.js","statementMap":{"0":{"start":{"line":6,"column":4},"end":{"line":6,"column":33}},"1":{"start":{"line":8,"column":39},"end":{"line":8,"column":46}},"2":{"start":{"line":10,"column":4},"end":{"line":10,"column":17}},"3":{"start":{"line":11,"column":4},"end":{"line":11,"column":29}},"4":{"start":{"line":12,"column":4},"end":{"line":12,"column":29}},"5":{"start":{"line":16,"column":4},"end":{"line":18,"column":5}},"6":{"start":{"line":17,"column":6},"end":{"line":17,"column":69}},"7":{"start":{"line":20,"column":4},"end":{"line":22,"column":5}},"8":{"start":{"line":21,"column":6},"end":{"line":21,"column":74}},"9":{"start":{"line":26,"column":0},"end":{"line":26,"column":32}}},"fnMap":{"0":{"name":"(anonymous_0)","decl":{"start":{"line":5,"column":2},"end":{"line":5,"column":3}},"loc":{"start":{"line":5,"column":23},"end":{"line":13,"column":3}},"line":5},"1":{"name":"(anonymous_1)","decl":{"start":{"line":15,"column":2},"end":{"line":15,"column":3}},"loc":{"start":{"line":15,"column":45},"end":{"line":23,"column":3}},"line":15}},"branchMap":{"0":{"loc":{"start":{"line":16,"column":4},"end":{"line":18,"column":5}},"type":"if","locations":[{"start":{"line":16,"column":4},"end":{"line":18,"column":5}},{"start":{},"end":{}}],"line":16},"1":{"loc":{"start":{"line":16,"column":8},"end":{"line":16,"column":37}},"type":"binary-expr","locations":[{"start":{"line":16,"column":8},"end":{"line":16,"column":11}},{"start":{"line":16,"column":15},"end":{"line":16,"column":24}},{"start":{"line":16,"column":28},"end":{"line":16,"column":37}}],"line":16},"2":{"loc":{"start":{"line":20,"column":4},"end":{"line":22,"column":5}},"type":"if","locations":[{"start":{"line":20,"column":4},"end":{"line":22,"column":5}},{"start":{},"end":{}}],"line":20},"3":{"loc":{"start":{"line":20,"column":8},"end":{"line":20,"column":94}},"type":"binary-expr","locations":[{"start":{"line":20,"column":8},"end":{"line":20,"column":30}},{"start":{"line":20,"column":34},"end":{"line":20,"column":62}},{"start":{"line":20,"column":66},"end":{"line":20,"column":94}}],"line":20}},"s":{"0":8,"1":6,"2":6,"3":6,"4":6,"5":8,"6":1,"7":7,"8":1,"9":4},"f":{"0":8,"1":8},"b":{"0":[1,7],"1":[8,7,7],"2":[1,6],"3":[7,6,6]},"_coverageSchema":"1a1c01bbd47fc00a2c39e90264f33305004495a9","hash":"5274beb58a171fcb6416aefe3a42ae077d713b3f"}
,"E:\\project\\back-end\\expert-exercise-dicoding\\submit\\auth-api\\src\\Infrastructures\\http\\createServer.js": {"path":"E:\\project\\back-end\\expert-exercise-dicoding\\submit\\auth-api\\src\\Infrastructures\\http\\createServer.js","statementMap":{"0":{"start":{"line":2,"column":13},"end":{"line":2,"column":34}},"1":{"start":{"line":3,"column":20},"end":{"line":3,"column":67}},"2":{"start":{"line":4,"column":30},"end":{"line":4,"column":87}},"3":{"start":{"line":5,"column":14},"end":{"line":5,"column":56}},"4":{"start":{"line":7,"column":21},"end":{"line":57,"column":1}},"5":{"start":{"line":8,"column":17},"end":{"line":11,"column":4}},"6":{"start":{"line":13,"column":2},"end":{"line":18,"column":5}},"7":{"start":{"line":20,"column":2},"end":{"line":54,"column":5}},"8":{"start":{"line":22,"column":25},"end":{"line":22,"column":32}},"9":{"start":{"line":24,"column":4},"end":{"line":50,"column":5}},"10":{"start":{"line":26,"column":30},"end":{"line":26,"column":71}},"11":{"start":{"line":29,"column":6},"end":{"line":36,"column":7}},"12":{"start":{"line":30,"column":28},"end":{"line":33,"column":10}},"13":{"start":{"line":34,"column":8},"end":{"line":34,"column":53}},"14":{"start":{"line":35,"column":8},"end":{"line":35,"column":27}},"15":{"start":{"line":39,"column":6},"end":{"line":41,"column":7}},"16":{"start":{"line":40,"column":8},"end":{"line":40,"column":26}},"17":{"start":{"line":44,"column":26},"end":{"line":47,"column":8}},"18":{"start":{"line":48,"column":6},"end":{"line":48,"column":28}},"19":{"start":{"line":49,"column":6},"end":{"line":49,"column":25}},"20":{"start":{"line":53,"column":4},"end":{"line":53,"column":22}},"21":{"start":{"line":56,"column":2},"end":{"line":56,"column":16}},"22":{"start":{"line":59,"column":0},"end":{"line":59,"column":30}}},"fnMap":{"0":{"name":"(anonymous_0)","decl":{"start":{"line":7,"column":21},"end":{"line":7,"column":22}},"loc":{"start":{"line":7,"column":42},"end":{"line":57,"column":1}},"line":7},"1":{"name":"(anonymous_1)","decl":{"start":{"line":20,"column":30},"end":{"line":20,"column":31}},"loc":{"start":{"line":20,"column":46},"end":{"line":54,"column":3}},"line":20}},"branchMap":{"0":{"loc":{"start":{"line":24,"column":4},"end":{"line":50,"column":5}},"type":"if","locations":[{"start":{"line":24,"column":4},"end":{"line":50,"column":5}},{"start":{},"end":{}}],"line":24},"1":{"loc":{"start":{"line":29,"column":6},"end":{"line":36,"column":7}},"type":"if","locations":[{"start":{"line":29,"column":6},"end":{"line":36,"column":7}},{"start":{},"end":{}}],"line":29},"2":{"loc":{"start":{"line":39,"column":6},"end":{"line":41,"column":7}},"type":"if","locations":[{"start":{"line":39,"column":6},"end":{"line":41,"column":7}},{"start":{},"end":{}}],"line":39}},"s":{"0":1,"1":1,"2":1,"3":1,"4":1,"5":8,"6":8,"7":8,"8":8,"9":8,"10":7,"11":7,"12":5,"13":5,"14":5,"15":2,"16":1,"17":1,"18":1,"19":1,"20":1,"21":8,"22":1},"f":{"0":8,"1":8},"b":{"0":[7,1],"1":[5,2],"2":[1,1]},"_coverageSchema":"1a1c01bbd47fc00a2c39e90264f33305004495a9","hash":"9f36c52ac919bffe4ccdbf0277eaa823be61bb5e"}
,"E:\\project\\back-end\\expert-exercise-dicoding\\submit\\auth-api\\src\\Infrastructures\\repository\\UserRepositoryPostgres.js": {"path":"E:\\project\\back-end\\expert-exercise-dicoding\\submit\\auth-api\\src\\Infrastructures\\repository\\UserRepositoryPostgres.js","statementMap":{"0":{"start":{"line":3,"column":23},"end":{"line":3,"column":73}},"1":{"start":{"line":4,"column":23},"end":{"line":4,"column":77}},"2":{"start":{"line":5,"column":23},"end":{"line":5,"column":68}},"3":{"start":{"line":9,"column":4},"end":{"line":9,"column":12}},"4":{"start":{"line":10,"column":4},"end":{"line":10,"column":22}},"5":{"start":{"line":11,"column":4},"end":{"line":11,"column":36}},"6":{"start":{"line":15,"column":18},"end":{"line":18,"column":5}},"7":{"start":{"line":20,"column":19},"end":{"line":20,"column":48}},"8":{"start":{"line":22,"column":4},"end":{"line":24,"column":5}},"9":{"start":{"line":23,"column":6},"end":{"line":23,"column":58}},"10":{"start":{"line":28,"column":45},"end":{"line":28,"column":57}},"11":{"start":{"line":29,"column":15},"end":{"line":29,"column":44}},"12":{"start":{"line":31,"column":18},"end":{"line":34,"column":5}},"13":{"start":{"line":36,"column":19},"end":{"line":36,"column":48}},"14":{"start":{"line":38,"column":4},"end":{"line":38,"column":53}},"15":{"start":{"line":42,"column":0},"end":{"line":42,"column":40}}},"fnMap":{"0":{"name":"(anonymous_0)","decl":{"start":{"line":8,"column":2},"end":{"line":8,"column":3}},"loc":{"start":{"line":8,"column":33},"end":{"line":12,"column":3}},"line":8},"1":{"name":"(anonymous_1)","decl":{"start":{"line":14,"column":2},"end":{"line":14,"column":3}},"loc":{"start":{"line":14,"column":42},"end":{"line":25,"column":3}},"line":14},"2":{"name":"(anonymous_2)","decl":{"start":{"line":27,"column":2},"end":{"line":27,"column":3}},"loc":{"start":{"line":27,"column":30},"end":{"line":39,"column":3}},"line":27}},"branchMap":{"0":{"loc":{"start":{"line":22,"column":4},"end":{"line":24,"column":5}},"type":"if","locations":[{"start":{"line":22,"column":4},"end":{"line":24,"column":5}},{"start":{},"end":{}}],"line":22}},"s":{"0":2,"1":2,"2":2,"3":5,"4":5,"5":5,"6":4,"7":4,"8":4,"9":2,"10":3,"11":3,"12":3,"13":3,"14":3,"15":2},"f":{"0":5,"1":4,"2":3},"b":{"0":[2,2]},"_coverageSchema":"1a1c01bbd47fc00a2c39e90264f33305004495a9","hash":"b6144d41814c51b7167fd242e7ae67a836aa97ff"}
,"E:\\project\\back-end\\expert-exercise-dicoding\\submit\\auth-api\\src\\Infrastructures\\security\\BcryptPasswordHash.js": {"path":"E:\\project\\back-end\\expert-exercise-dicoding\\submit\\auth-api\\src\\Infrastructures\\security\\BcryptPasswordHash.js","statementMap":{"0":{"start":{"line":3,"column":21},"end":{"line":3,"column":72}},"1":{"start":{"line":7,"column":4},"end":{"line":7,"column":12}},"2":{"start":{"line":8,"column":4},"end":{"line":8,"column":26}},"3":{"start":{"line":9,"column":4},"end":{"line":9,"column":32}},"4":{"start":{"line":13,"column":4},"end":{"line":13,"column":56}},"5":{"start":{"line":17,"column":0},"end":{"line":17,"column":36}}},"fnMap":{"0":{"name":"(anonymous_0)","decl":{"start":{"line":6,"column":2},"end":{"line":6,"column":3}},"loc":{"start":{"line":6,"column":38},"end":{"line":10,"column":3}},"line":6},"1":{"name":"(anonymous_1)","decl":{"start":{"line":12,"column":2},"end":{"line":12,"column":3}},"loc":{"start":{"line":12,"column":23},"end":{"line":14,"column":3}},"line":12}},"branchMap":{"0":{"loc":{"start":{"line":6,"column":22},"end":{"line":6,"column":36}},"type":"default-arg","locations":[{"start":{"line":6,"column":34},"end":{"line":6,"column":36}}],"line":6}},"s":{"0":2,"1":2,"2":2,"3":2,"4":2,"5":2},"f":{"0":2,"1":2},"b":{"0":[2]},"_coverageSchema":"1a1c01bbd47fc00a2c39e90264f33305004495a9","hash":"eb83958b2ce17deaa93b492fbe0db0e4e4804e23"}
,"E:\\project\\back-end\\expert-exercise-dicoding\\submit\\auth-api\\src\\Interfaces\\http\\api\\users\\handler.js": {"path":"E:\\project\\back-end\\expert-exercise-dicoding\\submit\\auth-api\\src\\Interfaces\\http\\api\\users\\handler.js","statementMap":{"0":{"start":{"line":3,"column":23},"end":{"line":3,"column":82}},"1":{"start":{"line":7,"column":4},"end":{"line":7,"column":32}},"2":{"start":{"line":9,"column":4},"end":{"line":9,"column":59}},"3":{"start":{"line":13,"column":27},"end":{"line":13,"column":75}},"4":{"start":{"line":14,"column":22},"end":{"line":14,"column":67}},"5":{"start":{"line":16,"column":21},"end":{"line":21,"column":6}},"6":{"start":{"line":22,"column":4},"end":{"line":22,"column":23}},"7":{"start":{"line":23,"column":4},"end":{"line":23,"column":20}},"8":{"start":{"line":27,"column":0},"end":{"line":27,"column":30}}},"fnMap":{"0":{"name":"(anonymous_0)","decl":{"start":{"line":6,"column":2},"end":{"line":6,"column":3}},"loc":{"start":{"line":6,"column":25},"end":{"line":10,"column":3}},"line":6},"1":{"name":"(anonymous_1)","decl":{"start":{"line":12,"column":2},"end":{"line":12,"column":3}},"loc":{"start":{"line":12,"column":36},"end":{"line":24,"column":3}},"line":12}},"branchMap":{},"s":{"0":1,"1":8,"2":8,"3":7,"4":6,"5":1,"6":1,"7":1,"8":1},"f":{"0":8,"1":7},"b":{},"_coverageSchema":"1a1c01bbd47fc00a2c39e90264f33305004495a9","hash":"e955ecd05b96a5faccd4f51d0807dbae606151ba"}
,"E:\\project\\back-end\\expert-exercise-dicoding\\submit\\auth-api\\src\\Interfaces\\http\\api\\users\\index.js": {"path":"E:\\project\\back-end\\expert-exercise-dicoding\\submit\\auth-api\\src\\Interfaces\\http\\api\\users\\index.js","statementMap":{"0":{"start":{"line":2,"column":21},"end":{"line":2,"column":41}},"1":{"start":{"line":3,"column":15},"end":{"line":3,"column":34}},"2":{"start":{"line":5,"column":0},"end":{"line":11,"column":2}},"3":{"start":{"line":8,"column":25},"end":{"line":8,"column":52}},"4":{"start":{"line":9,"column":4},"end":{"line":9,"column":39}}},"fnMap":{"0":{"name":"(anonymous_0)","decl":{"start":{"line":7,"column":12},"end":{"line":7,"column":13}},"loc":{"start":{"line":7,"column":45},"end":{"line":10,"column":3}},"line":7}},"branchMap":{},"s":{"0":1,"1":1,"2":1,"3":8,"4":8},"f":{"0":8},"b":{},"_coverageSchema":"1a1c01bbd47fc00a2c39e90264f33305004495a9","hash":"a7cef9205bd910d8469ca474bd81eca78b5f1877"}
,"E:\\project\\back-end\\expert-exercise-dicoding\\submit\\auth-api\\src\\Interfaces\\http\\api\\users\\routes.js": {"path":"E:\\project\\back-end\\expert-exercise-dicoding\\submit\\auth-api\\src\\Interfaces\\http\\api\\users\\routes.js","statementMap":{"0":{"start":{"line":2,"column":15},"end":{"line":8,"column":2}},"1":{"start":{"line":2,"column":29},"end":{"line":8,"column":1}},"2":{"start":{"line":10,"column":0},"end":{"line":10,"column":24}}},"fnMap":{"0":{"name":"(anonymous_0)","decl":{"start":{"line":2,"column":15},"end":{"line":2,"column":16}},"loc":{"start":{"line":2,"column":29},"end":{"line":8,"column":1}},"line":2}},"branchMap":{},"s":{"0":1,"1":8,"2":1},"f":{"0":8},"b":{},"_coverageSchema":"1a1c01bbd47fc00a2c39e90264f33305004495a9","hash":"0c1d0bb73bed3de59c89b5f4a79552e6067125fb"}
}
