TN:
SF:src\Applications\security\PasswordHash.js
FN:6,(anonymous_0)
FNF:1
FNH:1
FNDA:1,(anonymous_0)
DA:7,1
DA:11,4
LF:2
LH:2
BRF:0
BRH:0
end_of_record
TN:
SF:src\Applications\use_case\AddUserUseCase.js
FN:6,(anonymous_0)
FN:11,(anonymous_1)
FNF:2
FNH:2
FNDA:2,(anonymous_0)
FNDA:7,(anonymous_1)
DA:3,2
DA:7,2
DA:8,2
DA:12,7
DA:13,3
DA:14,2
DA:15,2
DA:19,2
LF:8
LH:8
BRF:0
BRH:0
end_of_record
TN:
SF:src\Commons\exceptions\AuthenticationError.js
FN:6,(anonymous_0)
FNF:1
FNH:1
FNDA:1,(anonymous_0)
DA:3,1
DA:7,1
DA:8,1
DA:12,1
LF:4
LH:4
BRF:0
BRH:0
end_of_record
TN:
SF:src\Commons\exceptions\ClientError.js
FN:3,(anonymous_0)
FNF:1
FNH:1
FNDA:18,(anonymous_0)
DA:4,18
DA:6,18
DA:7,1
DA:10,17
DA:11,17
DA:15,7
LF:6
LH:6
BRDA:3,0,0,16
BRDA:6,1,0,1
BRDA:6,1,1,17
BRF:3
BRH:3
end_of_record
TN:
SF:src\Commons\exceptions\DomainErrorTranslator.js
FN:6,(anonymous_0)
FNF:1
FNH:1
FNDA:12,(anonymous_0)
DA:3,2
DA:5,2
DA:7,12
DA:11,2
DA:18,2
LF:5
LH:5
BRDA:7,0,0,12
BRDA:7,0,1,4
BRF:2
BRH:2
end_of_record
TN:
SF:src\Commons\exceptions\InvariantError.js
FN:5,(anonymous_0)
FNF:1
FNH:1
FNDA:15,(anonymous_0)
DA:2,4
DA:6,15
DA:7,15
DA:11,4
LF:4
LH:4
BRF:0
BRH:0
end_of_record
TN:
SF:src\Commons\exceptions\NotFoundError.js
FN:6,(anonymous_0)
FNF:1
FNH:1
FNDA:1,(anonymous_0)
DA:3,1
DA:7,1
DA:8,1
DA:12,1
LF:4
LH:4
BRF:0
BRH:0
end_of_record
TN:
SF:src\Domains\users\UserRepository.js
FN:5,(anonymous_0)
FN:9,(anonymous_1)
FNF:2
FNH:2
FNDA:1,(anonymous_0)
FNDA:1,(anonymous_1)
DA:6,1
DA:10,1
DA:14,4
LF:3
LH:3
BRF:0
BRH:0
end_of_record
TN:
SF:src\Domains\users\entities\RegisterUser.js
FN:4,(anonymous_0)
FN:15,(anonymous_1)
FNF:2
FNH:2
FNDA:15,(anonymous_0)
FNDA:15,(anonymous_1)
DA:5,15
DA:7,7
DA:9,7
DA:10,7
DA:11,7
DA:16,15
DA:17,2
DA:20,13
DA:21,2
DA:24,11
DA:25,2
DA:28,9
DA:29,2
DA:34,4
LF:14
LH:14
BRDA:16,0,0,2
BRDA:16,0,1,13
BRDA:16,1,0,15
BRDA:16,1,1,14
BRDA:16,1,2,14
BRDA:20,2,0,2
BRDA:20,2,1,11
BRDA:20,3,0,13
BRDA:20,3,1,12
BRDA:20,3,2,12
BRDA:24,4,0,2
BRDA:24,4,1,9
BRDA:28,5,0,2
BRDA:28,5,1,7
BRF:14
BRH:14
end_of_record
TN:
SF:src\Domains\users\entities\RegisteredUser.js
FN:5,(anonymous_0)
FN:15,(anonymous_1)
FNF:2
FNH:2
FNDA:8,(anonymous_0)
FNDA:8,(anonymous_1)
DA:6,8
DA:8,6
DA:10,6
DA:11,6
DA:12,6
DA:16,8
DA:17,1
DA:20,7
DA:21,1
DA:26,4
LF:10
LH:10
BRDA:16,0,0,1
BRDA:16,0,1,7
BRDA:16,1,0,8
BRDA:16,1,1,7
BRDA:16,1,2,7
BRDA:20,2,0,1
BRDA:20,2,1,6
BRDA:20,3,0,7
BRDA:20,3,1,6
BRDA:20,3,2,6
BRF:10
BRH:10
end_of_record
TN:
SF:src\Infrastructures\http\createServer.js
FN:7,(anonymous_0)
FN:20,(anonymous_1)
FNF:2
FNH:2
FNDA:8,(anonymous_0)
FNDA:8,(anonymous_1)
DA:2,1
DA:3,1
DA:4,1
DA:5,1
DA:7,1
DA:8,8
DA:13,8
DA:20,8
DA:22,8
DA:24,8
DA:26,7
DA:29,7
DA:30,5
DA:34,5
DA:35,5
DA:39,2
DA:40,1
DA:44,1
DA:48,1
DA:49,1
DA:53,1
DA:56,8
DA:59,1
LF:23
LH:23
BRDA:24,0,0,7
BRDA:24,0,1,1
BRDA:29,1,0,5
BRDA:29,1,1,2
BRDA:39,2,0,1
BRDA:39,2,1,1
BRF:6
BRH:6
end_of_record
TN:
SF:src\Infrastructures\repository\UserRepositoryPostgres.js
FN:8,(anonymous_0)
FN:14,(anonymous_1)
FN:27,(anonymous_2)
FNF:3
FNH:3
FNDA:5,(anonymous_0)
FNDA:4,(anonymous_1)
FNDA:3,(anonymous_2)
DA:3,2
DA:4,2
DA:5,2
DA:9,5
DA:10,5
DA:11,5
DA:15,4
DA:20,4
DA:22,4
DA:23,2
DA:28,3
DA:29,3
DA:31,3
DA:36,3
DA:38,3
DA:42,2
LF:16
LH:16
BRDA:22,0,0,2
BRDA:22,0,1,2
BRF:2
BRH:2
end_of_record
TN:
SF:src\Infrastructures\security\BcryptPasswordHash.js
FN:6,(anonymous_0)
FN:12,(anonymous_1)
FNF:2
FNH:2
FNDA:2,(anonymous_0)
FNDA:2,(anonymous_1)
DA:3,2
DA:7,2
DA:8,2
DA:9,2
DA:13,2
DA:17,2
LF:6
LH:6
BRDA:6,0,0,2
BRF:1
BRH:1
end_of_record
TN:
SF:src\Interfaces\http\api\users\handler.js
FN:6,(anonymous_0)
FN:12,(anonymous_1)
FNF:2
FNH:2
FNDA:8,(anonymous_0)
FNDA:7,(anonymous_1)
DA:3,1
DA:7,8
DA:9,8
DA:13,7
DA:14,6
DA:16,1
DA:22,1
DA:23,1
DA:27,1
LF:9
LH:9
BRF:0
BRH:0
end_of_record
TN:
SF:src\Interfaces\http\api\users\index.js
FN:7,(anonymous_0)
FNF:1
FNH:1
FNDA:8,(anonymous_0)
DA:2,1
DA:3,1
DA:5,1
DA:8,8
DA:9,8
LF:5
LH:5
BRF:0
BRH:0
end_of_record
TN:
SF:src\Interfaces\http\api\users\routes.js
FN:2,(anonymous_0)
FNF:1
FNH:1
FNDA:8,(anonymous_0)
DA:2,8
DA:10,1
LF:2
LH:2
BRF:0
BRH:0
end_of_record
